\BOOKMARK [-1][-]{part.1}{I Termodin\341mica}{}% 1
\BOOKMARK [0][-]{chapter.1}{Conceptos B\341sicos}{part.1}% 2
\BOOKMARK [1][-]{section.1.1}{Sistemas Termodin\341micos y Cantidades de Estado}{chapter.1}% 3
\BOOKMARK [1][-]{section.1.2}{Equilibrio y Temperatura \(Ley Cero de la Termodin\341mica\):}{chapter.1}% 4
\BOOKMARK [1][-]{section.1.3}{Presi\363n, Ecuaci\363n de Estado}{chapter.1}% 5
\BOOKMARK [0][-]{chapter.2}{Primera Ley de la Termodin\341mia}{part.1}% 6
\BOOKMARK [1][-]{section.2.1}{Trabajo y Calor}{chapter.2}% 7
\BOOKMARK [2][-]{subsection.2.1.1}{Naturaleza del Calor}{section.2.1}% 8
\BOOKMARK [1][-]{section.2.2}{Energ\355a Interna y Primera Ley}{chapter.2}% 9
\BOOKMARK [1][-]{section.2.3}{Implicaciones de la Primera Ley}{chapter.2}% 10
\BOOKMARK [1][-]{section.2.4}{Capacidad Calor\355fica}{chapter.2}% 11
\BOOKMARK [1][-]{section.2.5}{Procesos Adiab\341ticos}{chapter.2}% 12
\BOOKMARK [2][-]{subsection.2.5.1}{Trabajo Adiab\341tico}{section.2.5}% 13
\BOOKMARK [0][-]{chapter.3}{Procesos C\355clicos}{part.1}% 14
\BOOKMARK [1][-]{section.3.1}{Tipos de Procesos}{chapter.3}% 15
\BOOKMARK [2][-]{subsection.3.1.1}{Procesos Reversibles e Irreversibles}{section.3.1}% 16
\BOOKMARK [1][-]{section.3.2}{Ciclo de Carnot}{chapter.3}% 17
\BOOKMARK [2][-]{subsection.3.2.1}{Teoremas de Carnot}{section.3.2}% 18
\BOOKMARK [0][-]{chapter.4}{Segunda Ley de la Termodin\341mica}{part.1}% 19
\BOOKMARK [1][-]{section.4.1}{Kelvin-Planck}{chapter.4}% 20
\BOOKMARK [1][-]{section.4.2}{Clauius}{chapter.4}% 21
\BOOKMARK [1][-]{section.4.3}{La que te venden los divulgadores}{chapter.4}% 22
\BOOKMARK [1][-]{section.4.4}{Reversibilidad e Irreversibilidad}{chapter.4}% 23
\BOOKMARK [0][-]{chapter.5}{Entrop\355a}{part.1}% 24
\BOOKMARK [1][-]{section.5.1}{Definici\363n de Entrop\355a}{chapter.5}% 25
\BOOKMARK [1][-]{section.5.2}{Cambios Irreversibles}{chapter.5}% 26
\BOOKMARK [1][-]{section.5.3}{Regresando a la Primera Ley}{chapter.5}% 27
\BOOKMARK [1][-]{section.5.4}{Expansi\363n de Joule \(Expansi\363n Libre\)}{chapter.5}% 28
\BOOKMARK [0][-]{chapter.6}{Termodin\341mica en Acci\363n}{part.1}% 29
\BOOKMARK [1][-]{section.6.1}{Potenciales Termodin\341micos}{chapter.6}% 30
\BOOKMARK [2][-]{subsection.6.1.1}{Energ\355a Interna}{section.6.1}% 31
\BOOKMARK [2][-]{subsection.6.1.2}{Entalp\355a, H}{section.6.1}% 32
\BOOKMARK [2][-]{subsection.6.1.3}{Funci\363n de Helmholtz, F}{section.6.1}% 33
\BOOKMARK [2][-]{subsection.6.1.4}{Funci\363n de Gibbs, G}{section.6.1}% 34
\BOOKMARK [-1][-]{part.2}{II Mec\341nica Estad\355stica}{}% 35
\BOOKMARK [-1][-]{part.3}{III Electromagnetismo}{}% 36
\BOOKMARK [-1][-]{part.4}{IV Mec\341nica Cl\341sica}{}% 37
\BOOKMARK [-1][-]{part.5}{V Mec\341nica Cu\341ntica}{}% 38
\BOOKMARK [-1][-]{part.6}{VI Reducci\363n de Datos}{}% 39
\BOOKMARK [-1][-]{part.7}{VII Materia Condensada}{}% 40
